[DEBUG] 2019-03-14 10:55:45,031 | /home/babitagujar/frappe-bench/apps/frappe/frappe/utils/scheduler.py:
Site: library
Queued events for site library
[DEBUG] 2019-03-14 10:55:45,051 | /home/babitagujar/frappe-bench/apps/frappe/frappe/utils/scheduler.py:
Site: seller_site
Queued events for site seller_site
[DEBUG] 2019-03-14 10:56:45,139 | /home/babitagujar/frappe-bench/apps/frappe/frappe/utils/scheduler.py:
Site: ekart_site
Queued events for site ekart_site
[DEBUG] 2019-03-14 10:56:45,153 | /home/babitagujar/frappe-bench/apps/frappe/frappe/utils/scheduler.py:
Site: erpnext_site
Queued events for site erpnext_site
[DEBUG] 2019-03-14 10:56:45,167 | /home/babitagujar/frappe-bench/apps/frappe/frappe/utils/scheduler.py:
Site: library
Queued events for site library
[DEBUG] 2019-03-14 10:56:45,181 | /home/babitagujar/frappe-bench/apps/frappe/frappe/utils/scheduler.py:
Site: seller_site
Queued events for site seller_site
[DEBUG] 2019-03-14 10:57:45,269 | /home/babitagujar/frappe-bench/apps/frappe/frappe/utils/scheduler.py:
Site: ekart_site
Queued events for site ekart_site
[DEBUG] 2019-03-14 10:57:45,283 | /home/babitagujar/frappe-bench/apps/frappe/frappe/utils/scheduler.py:
Site: erpnext_site
Queued events for site erpnext_site
[DEBUG] 2019-03-14 10:57:45,296 | /home/babitagujar/frappe-bench/apps/frappe/frappe/utils/scheduler.py:
Site: library
Queued events for site library
[DEBUG] 2019-03-14 10:57:45,310 | /home/babitagujar/frappe-bench/apps/frappe/frappe/utils/scheduler.py:
Site: seller_site
Queued events for site seller_site
[DEBUG] 2019-03-14 10:58:45,420 | /home/babitagujar/frappe-bench/apps/frappe/frappe/utils/scheduler.py:
Site: ekart_site
Queued events for site ekart_site
[DEBUG] 2019-03-14 10:58:45,455 | /home/babitagujar/frappe-bench/apps/frappe/frappe/utils/scheduler.py:
Site: erpnext_site
Queued events for site erpnext_site
[DEBUG] 2019-03-14 10:58:45,506 | /home/babitagujar/frappe-bench/apps/frappe/frappe/utils/scheduler.py:
Site: library
Queued events for site library
[DEBUG] 2019-03-14 10:58:45,590 | /home/babitagujar/frappe-bench/apps/frappe/frappe/utils/scheduler.py:
Site: seller_site
Queued events for site seller_site
[DEBUG] 2019-03-14 10:59:45,676 | /home/babitagujar/frappe-bench/apps/frappe/frappe/utils/scheduler.py:
Site: ekart_site
Queued events for site ekart_site
[DEBUG] 2019-03-14 10:59:45,687 | /home/babitagujar/frappe-bench/apps/frappe/frappe/utils/scheduler.py:
Site: erpnext_site
Queued events for site erpnext_site
[DEBUG] 2019-03-14 10:59:45,700 | /home/babitagujar/frappe-bench/apps/frappe/frappe/utils/scheduler.py:
Site: library
Queued events for site library
[DEBUG] 2019-03-14 10:59:45,711 | /home/babitagujar/frappe-bench/apps/frappe/frappe/utils/scheduler.py:
Site: seller_site
Queued events for site seller_site
[DEBUG] 2019-03-14 11:00:45,797 | /home/babitagujar/frappe-bench/apps/frappe/frappe/utils/scheduler.py:
Site: ekart_site
Queued events for site ekart_site
[DEBUG] 2019-03-14 11:00:45,810 | /home/babitagujar/frappe-bench/apps/frappe/frappe/utils/scheduler.py:
Site: erpnext_site
Queued events for site erpnext_site
[DEBUG] 2019-03-14 11:00:45,822 | /home/babitagujar/frappe-bench/apps/frappe/frappe/utils/scheduler.py:
Site: library
Queued events for site library
[DEBUG] 2019-03-14 11:00:45,834 | /home/babitagujar/frappe-bench/apps/frappe/frappe/utils/scheduler.py:
Site: seller_site
Queued events for site seller_site
[DEBUG] 2019-03-14 11:01:45,922 | /home/babitagujar/frappe-bench/apps/frappe/frappe/utils/scheduler.py:
Site: ekart_site
Queued events for site ekart_site
[DEBUG] 2019-03-14 11:01:45,935 | /home/babitagujar/frappe-bench/apps/frappe/frappe/utils/scheduler.py:
Site: erpnext_site
Queued events for site erpnext_site
[DEBUG] 2019-03-14 11:01:45,950 | /home/babitagujar/frappe-bench/apps/frappe/frappe/utils/scheduler.py:
Site: library
Queued events for site library
[DEBUG] 2019-03-14 11:01:45,968 | /home/babitagujar/frappe-bench/apps/frappe/frappe/utils/scheduler.py:
Site: seller_site
Queued events for site seller_site
[DEBUG] 2019-03-14 11:02:46,071 | /home/babitagujar/frappe-bench/apps/frappe/frappe/utils/scheduler.py:
Site: ekart_site
Queued events for site ekart_site
[DEBUG] 2019-03-14 11:02:46,095 | /home/babitagujar/frappe-bench/apps/frappe/frappe/utils/scheduler.py:
Site: erpnext_site
Queued events for site erpnext_site
[DEBUG] 2019-03-14 11:02:46,130 | /home/babitagujar/frappe-bench/apps/frappe/frappe/utils/scheduler.py:
Site: library
Queued events for site library
[DEBUG] 2019-03-14 11:02:46,190 | /home/babitagujar/frappe-bench/apps/frappe/frappe/utils/scheduler.py:
Site: seller_site
Queued events for site seller_site
[DEBUG] 2019-03-14 11:03:46,273 | /home/babitagujar/frappe-bench/apps/frappe/frappe/utils/scheduler.py:
Site: ekart_site
Queued events for site ekart_site
[DEBUG] 2019-03-14 11:03:46,285 | /home/babitagujar/frappe-bench/apps/frappe/frappe/utils/scheduler.py:
Site: erpnext_site
Queued events for site erpnext_site
[DEBUG] 2019-03-14 11:03:46,297 | /home/babitagujar/frappe-bench/apps/frappe/frappe/utils/scheduler.py:
Site: library
Queued events for site library
[DEBUG] 2019-03-14 11:03:46,311 | /home/babitagujar/frappe-bench/apps/frappe/frappe/utils/scheduler.py:
Site: seller_site
Queued events for site seller_site
[DEBUG] 2019-03-14 11:04:46,398 | /home/babitagujar/frappe-bench/apps/frappe/frappe/utils/scheduler.py:
Site: ekart_site
Queued events for site ekart_site
[DEBUG] 2019-03-14 11:04:46,410 | /home/babitagujar/frappe-bench/apps/frappe/frappe/utils/scheduler.py:
Site: erpnext_site
Queued events for site erpnext_site
[DEBUG] 2019-03-14 11:04:46,423 | /home/babitagujar/frappe-bench/apps/frappe/frappe/utils/scheduler.py:
Site: library
Queued events for site library
[DEBUG] 2019-03-14 11:04:46,436 | /home/babitagujar/frappe-bench/apps/frappe/frappe/utils/scheduler.py:
Site: seller_site
Queued events for site seller_site
[DEBUG] 2019-03-14 11:05:46,523 | /home/babitagujar/frappe-bench/apps/frappe/frappe/utils/scheduler.py:
Site: ekart_site
Queued events for site ekart_site
[DEBUG] 2019-03-14 11:05:46,535 | /home/babitagujar/frappe-bench/apps/frappe/frappe/utils/scheduler.py:
Site: erpnext_site
Queued events for site erpnext_site
[DEBUG] 2019-03-14 11:05:46,547 | /home/babitagujar/frappe-bench/apps/frappe/frappe/utils/scheduler.py:
Site: library
Queued events for site library
[DEBUG] 2019-03-14 11:05:46,559 | /home/babitagujar/frappe-bench/apps/frappe/frappe/utils/scheduler.py:
Site: seller_site
Queued events for site seller_site
[DEBUG] 2019-03-14 11:06:46,658 | /home/babitagujar/frappe-bench/apps/frappe/frappe/utils/scheduler.py:
Site: ekart_site
Queued events for site ekart_site
[DEBUG] 2019-03-14 11:06:46,683 | /home/babitagujar/frappe-bench/apps/frappe/frappe/utils/scheduler.py:
Site: erpnext_site
Queued events for site erpnext_site
[DEBUG] 2019-03-14 11:06:46,718 | /home/babitagujar/frappe-bench/apps/frappe/frappe/utils/scheduler.py:
Site: library
Queued events for site library
[DEBUG] 2019-03-14 11:06:46,776 | /home/babitagujar/frappe-bench/apps/frappe/frappe/utils/scheduler.py:
Site: seller_site
Queued events for site seller_site
[DEBUG] 2019-03-14 11:07:46,839 | /home/babitagujar/frappe-bench/apps/frappe/frappe/utils/scheduler.py:
Site: ekart_site
Queued events for site ekart_site
[DEBUG] 2019-03-14 11:07:46,852 | /home/babitagujar/frappe-bench/apps/frappe/frappe/utils/scheduler.py:
Site: erpnext_site
Queued events for site erpnext_site
[DEBUG] 2019-03-14 11:07:46,864 | /home/babitagujar/frappe-bench/apps/frappe/frappe/utils/scheduler.py:
Site: library
Queued events for site library
[DEBUG] 2019-03-14 11:07:46,876 | /home/babitagujar/frappe-bench/apps/frappe/frappe/utils/scheduler.py:
Site: seller_site
Queued events for site seller_site
[DEBUG] 2019-03-14 11:08:46,959 | /home/babitagujar/frappe-bench/apps/frappe/frappe/utils/scheduler.py:
Site: ekart_site
Queued events for site ekart_site
[DEBUG] 2019-03-14 11:08:46,971 | /home/babitagujar/frappe-bench/apps/frappe/frappe/utils/scheduler.py:
Site: erpnext_site
Queued events for site erpnext_site
[DEBUG] 2019-03-14 11:08:46,982 | /home/babitagujar/frappe-bench/apps/frappe/frappe/utils/scheduler.py:
Site: library
Queued events for site library
[DEBUG] 2019-03-14 11:08:46,994 | /home/babitagujar/frappe-bench/apps/frappe/frappe/utils/scheduler.py:
Site: seller_site
Queued events for site seller_site
[DEBUG] 2019-03-14 11:09:47,085 | /home/babitagujar/frappe-bench/apps/frappe/frappe/utils/scheduler.py:
Site: ekart_site
Queued events for site ekart_site
[DEBUG] 2019-03-14 11:09:47,101 | /home/babitagujar/frappe-bench/apps/frappe/frappe/utils/scheduler.py:
Site: erpnext_site
Queued events for site erpnext_site
[DEBUG] 2019-03-14 11:09:47,116 | /home/babitagujar/frappe-bench/apps/frappe/frappe/utils/scheduler.py:
Site: library
Queued events for site library
[DEBUG] 2019-03-14 11:09:47,132 | /home/babitagujar/frappe-bench/apps/frappe/frappe/utils/scheduler.py:
Site: seller_site
Queued events for site seller_site
[DEBUG] 2019-03-14 11:10:47,252 | /home/babitagujar/frappe-bench/apps/frappe/frappe/utils/scheduler.py:
Site: ekart_site
Queued events for site ekart_site
[DEBUG] 2019-03-14 11:10:47,295 | /home/babitagujar/frappe-bench/apps/frappe/frappe/utils/scheduler.py:
Site: erpnext_site
Queued events for site erpnext_site
[DEBUG] 2019-03-14 11:10:47,357 | /home/babitagujar/frappe-bench/apps/frappe/frappe/utils/scheduler.py:
Site: library
Queued events for site library
[DEBUG] 2019-03-14 11:10:47,425 | /home/babitagujar/frappe-bench/apps/frappe/frappe/utils/scheduler.py:
Site: seller_site
Queued events for site seller_site
[DEBUG] 2019-03-14 11:11:47,507 | /home/babitagujar/frappe-bench/apps/frappe/frappe/utils/scheduler.py:
Site: ekart_site
Queued events for site ekart_site
[DEBUG] 2019-03-14 11:11:47,519 | /home/babitagujar/frappe-bench/apps/frappe/frappe/utils/scheduler.py:
Site: erpnext_site
Queued events for site erpnext_site
[DEBUG] 2019-03-14 11:11:47,531 | /home/babitagujar/frappe-bench/apps/frappe/frappe/utils/scheduler.py:
Site: library
Queued events for site library
[DEBUG] 2019-03-14 11:11:47,542 | /home/babitagujar/frappe-bench/apps/frappe/frappe/utils/scheduler.py:
Site: seller_site
Queued events for site seller_site
[DEBUG] 2019-03-14 11:12:47,627 | /home/babitagujar/frappe-bench/apps/frappe/frappe/utils/scheduler.py:
Site: ekart_site
Queued events for site ekart_site
[DEBUG] 2019-03-14 11:12:47,640 | /home/babitagujar/frappe-bench/apps/frappe/frappe/utils/scheduler.py:
Site: erpnext_site
Queued events for site erpnext_site
[DEBUG] 2019-03-14 11:12:47,652 | /home/babitagujar/frappe-bench/apps/frappe/frappe/utils/scheduler.py:
Site: library
Queued events for site library
[DEBUG] 2019-03-14 11:12:47,663 | /home/babitagujar/frappe-bench/apps/frappe/frappe/utils/scheduler.py:
Site: seller_site
Queued events for site seller_site
[DEBUG] 2019-03-14 11:13:47,751 | /home/babitagujar/frappe-bench/apps/frappe/frappe/utils/scheduler.py:
Site: ekart_site
Queued events for site ekart_site
[DEBUG] 2019-03-14 11:13:47,763 | /home/babitagujar/frappe-bench/apps/frappe/frappe/utils/scheduler.py:
Site: erpnext_site
Queued events for site erpnext_site
[DEBUG] 2019-03-14 11:13:47,778 | /home/babitagujar/frappe-bench/apps/frappe/frappe/utils/scheduler.py:
Site: library
Queued events for site library
[DEBUG] 2019-03-14 11:13:47,791 | /home/babitagujar/frappe-bench/apps/frappe/frappe/utils/scheduler.py:
Site: seller_site
Queued events for site seller_site
[DEBUG] 2019-03-14 11:14:47,893 | /home/babitagujar/frappe-bench/apps/frappe/frappe/utils/scheduler.py:
Site: ekart_site
Queued events for site ekart_site
[DEBUG] 2019-03-14 11:14:47,927 | /home/babitagujar/frappe-bench/apps/frappe/frappe/utils/scheduler.py:
Site: erpnext_site
Queued events for site erpnext_site
[DEBUG] 2019-03-14 11:14:47,986 | /home/babitagujar/frappe-bench/apps/frappe/frappe/utils/scheduler.py:
Site: library
Queued events for site library
[DEBUG] 2019-03-14 11:14:48,063 | /home/babitagujar/frappe-bench/apps/frappe/frappe/utils/scheduler.py:
Site: seller_site
Queued events for site seller_site
[DEBUG] 2019-03-14 11:15:48,149 | /home/babitagujar/frappe-bench/apps/frappe/frappe/utils/scheduler.py:
Site: ekart_site
Queued events for site ekart_site
[DEBUG] 2019-03-14 11:15:48,161 | /home/babitagujar/frappe-bench/apps/frappe/frappe/utils/scheduler.py:
Site: erpnext_site
Queued events for site erpnext_site
[DEBUG] 2019-03-14 11:15:48,173 | /home/babitagujar/frappe-bench/apps/frappe/frappe/utils/scheduler.py:
Site: library
Queued events for site library
[DEBUG] 2019-03-14 11:15:48,185 | /home/babitagujar/frappe-bench/apps/frappe/frappe/utils/scheduler.py:
Site: seller_site
Queued events for site seller_site
[DEBUG] 2019-03-14 11:16:48,267 | /home/babitagujar/frappe-bench/apps/frappe/frappe/utils/scheduler.py:
Site: ekart_site
Queued events for site ekart_site
[DEBUG] 2019-03-14 11:16:48,280 | /home/babitagujar/frappe-bench/apps/frappe/frappe/utils/scheduler.py:
Site: erpnext_site
Queued events for site erpnext_site
[DEBUG] 2019-03-14 11:16:48,292 | /home/babitagujar/frappe-bench/apps/frappe/frappe/utils/scheduler.py:
Site: library
Queued events for site library
[DEBUG] 2019-03-14 11:16:48,305 | /home/babitagujar/frappe-bench/apps/frappe/frappe/utils/scheduler.py:
Site: seller_site
Queued events for site seller_site
[DEBUG] 2019-03-14 11:17:48,396 | /home/babitagujar/frappe-bench/apps/frappe/frappe/utils/scheduler.py:
Site: ekart_site
Queued events for site ekart_site
[DEBUG] 2019-03-14 11:17:48,409 | /home/babitagujar/frappe-bench/apps/frappe/frappe/utils/scheduler.py:
Site: erpnext_site
Queued events for site erpnext_site
[DEBUG] 2019-03-14 11:17:48,421 | /home/babitagujar/frappe-bench/apps/frappe/frappe/utils/scheduler.py:
Site: library
Queued events for site library
[DEBUG] 2019-03-14 11:17:48,435 | /home/babitagujar/frappe-bench/apps/frappe/frappe/utils/scheduler.py:
Site: seller_site
Queued events for site seller_site
[DEBUG] 2019-03-14 11:18:48,533 | /home/babitagujar/frappe-bench/apps/frappe/frappe/utils/scheduler.py:
Site: ekart_site
Queued events for site ekart_site
[DEBUG] 2019-03-14 11:18:48,557 | /home/babitagujar/frappe-bench/apps/frappe/frappe/utils/scheduler.py:
Site: erpnext_site
Queued events for site erpnext_site
[DEBUG] 2019-03-14 11:18:48,601 | /home/babitagujar/frappe-bench/apps/frappe/frappe/utils/scheduler.py:
Site: library
Queued events for site library
[DEBUG] 2019-03-14 11:18:48,658 | /home/babitagujar/frappe-bench/apps/frappe/frappe/utils/scheduler.py:
Site: seller_site
Queued events for site seller_site
[DEBUG] 2019-03-14 11:19:48,746 | /home/babitagujar/frappe-bench/apps/frappe/frappe/utils/scheduler.py:
Site: ekart_site
Queued events for site ekart_site
[DEBUG] 2019-03-14 11:19:48,759 | /home/babitagujar/frappe-bench/apps/frappe/frappe/utils/scheduler.py:
Site: erpnext_site
Queued events for site erpnext_site
[DEBUG] 2019-03-14 11:19:48,772 | /home/babitagujar/frappe-bench/apps/frappe/frappe/utils/scheduler.py:
Site: library
Queued events for site library
[DEBUG] 2019-03-14 11:19:48,786 | /home/babitagujar/frappe-bench/apps/frappe/frappe/utils/scheduler.py:
Site: seller_site
Queued events for site seller_site
[DEBUG] 2019-03-14 11:20:48,870 | /home/babitagujar/frappe-bench/apps/frappe/frappe/utils/scheduler.py:
Site: ekart_site
Queued events for site ekart_site
[DEBUG] 2019-03-14 11:20:48,882 | /home/babitagujar/frappe-bench/apps/frappe/frappe/utils/scheduler.py:
Site: erpnext_site
Queued events for site erpnext_site
[DEBUG] 2019-03-14 11:20:48,895 | /home/babitagujar/frappe-bench/apps/frappe/frappe/utils/scheduler.py:
Site: library
Queued events for site library
[DEBUG] 2019-03-14 11:20:48,907 | /home/babitagujar/frappe-bench/apps/frappe/frappe/utils/scheduler.py:
Site: seller_site
Queued events for site seller_site
[DEBUG] 2019-03-14 11:21:48,990 | /home/babitagujar/frappe-bench/apps/frappe/frappe/utils/scheduler.py:
Site: ekart_site
Queued events for site ekart_site
[DEBUG] 2019-03-14 11:21:49,001 | /home/babitagujar/frappe-bench/apps/frappe/frappe/utils/scheduler.py:
Site: erpnext_site
Queued events for site erpnext_site
[DEBUG] 2019-03-14 11:21:49,013 | /home/babitagujar/frappe-bench/apps/frappe/frappe/utils/scheduler.py:
Site: library
Queued events for site library
[DEBUG] 2019-03-14 11:21:49,026 | /home/babitagujar/frappe-bench/apps/frappe/frappe/utils/scheduler.py:
Site: seller_site
Queued events for site seller_site
[DEBUG] 2019-03-14 11:22:49,119 | /home/babitagujar/frappe-bench/apps/frappe/frappe/utils/scheduler.py:
Site: ekart_site
Queued events for site ekart_site
[DEBUG] 2019-03-14 11:22:49,144 | /home/babitagujar/frappe-bench/apps/frappe/frappe/utils/scheduler.py:
Site: erpnext_site
Queued events for site erpnext_site
[DEBUG] 2019-03-14 11:22:49,182 | /home/babitagujar/frappe-bench/apps/frappe/frappe/utils/scheduler.py:
Site: library
Queued events for site library
[DEBUG] 2019-03-14 11:22:49,238 | /home/babitagujar/frappe-bench/apps/frappe/frappe/utils/scheduler.py:
Site: seller_site
Queued events for site seller_site
[DEBUG] 2019-03-14 11:23:49,328 | /home/babitagujar/frappe-bench/apps/frappe/frappe/utils/scheduler.py:
Site: ekart_site
Queued events for site ekart_site
[DEBUG] 2019-03-14 11:23:49,340 | /home/babitagujar/frappe-bench/apps/frappe/frappe/utils/scheduler.py:
Site: erpnext_site
Queued events for site erpnext_site
[DEBUG] 2019-03-14 11:23:49,353 | /home/babitagujar/frappe-bench/apps/frappe/frappe/utils/scheduler.py:
Site: library
Queued events for site library
[DEBUG] 2019-03-14 11:23:49,365 | /home/babitagujar/frappe-bench/apps/frappe/frappe/utils/scheduler.py:
Site: seller_site
Queued events for site seller_site
[DEBUG] 2019-03-14 11:24:49,454 | /home/babitagujar/frappe-bench/apps/frappe/frappe/utils/scheduler.py:
Site: ekart_site
Queued events for site ekart_site
[DEBUG] 2019-03-14 11:24:49,467 | /home/babitagujar/frappe-bench/apps/frappe/frappe/utils/scheduler.py:
Site: erpnext_site
Queued events for site erpnext_site
[DEBUG] 2019-03-14 11:24:49,480 | /home/babitagujar/frappe-bench/apps/frappe/frappe/utils/scheduler.py:
Site: library
Queued events for site library
[DEBUG] 2019-03-14 11:24:49,492 | /home/babitagujar/frappe-bench/apps/frappe/frappe/utils/scheduler.py:
Site: seller_site
Queued events for site seller_site
[DEBUG] 2019-03-14 11:25:49,577 | /home/babitagujar/frappe-bench/apps/frappe/frappe/utils/scheduler.py:
Site: ekart_site
Queued events for site ekart_site
[DEBUG] 2019-03-14 11:25:49,590 | /home/babitagujar/frappe-bench/apps/frappe/frappe/utils/scheduler.py:
Site: erpnext_site
Queued events for site erpnext_site
[DEBUG] 2019-03-14 11:25:49,603 | /home/babitagujar/frappe-bench/apps/frappe/frappe/utils/scheduler.py:
Site: library
Queued events for site library
[DEBUG] 2019-03-14 11:25:49,615 | /home/babitagujar/frappe-bench/apps/frappe/frappe/utils/scheduler.py:
Site: seller_site
Queued events for site seller_site
[DEBUG] 2019-03-14 11:26:49,702 | /home/babitagujar/frappe-bench/apps/frappe/frappe/utils/scheduler.py:
Site: ekart_site
Queued events for site ekart_site
[DEBUG] 2019-03-14 11:26:49,730 | /home/babitagujar/frappe-bench/apps/frappe/frappe/utils/scheduler.py:
Site: erpnext_site
Queued events for site erpnext_site
[DEBUG] 2019-03-14 11:26:49,764 | /home/babitagujar/frappe-bench/apps/frappe/frappe/utils/scheduler.py:
Site: library
Queued events for site library
[DEBUG] 2019-03-14 11:26:49,818 | /home/babitagujar/frappe-bench/apps/frappe/frappe/utils/scheduler.py:
Site: seller_site
Queued events for site seller_site
[DEBUG] 2019-03-14 11:27:49,904 | /home/babitagujar/frappe-bench/apps/frappe/frappe/utils/scheduler.py:
Site: ekart_site
Queued events for site ekart_site
[DEBUG] 2019-03-14 11:27:49,918 | /home/babitagujar/frappe-bench/apps/frappe/frappe/utils/scheduler.py:
Site: erpnext_site
Queued events for site erpnext_site
[DEBUG] 2019-03-14 11:27:49,932 | /home/babitagujar/frappe-bench/apps/frappe/frappe/utils/scheduler.py:
Site: library
Queued events for site library
[DEBUG] 2019-03-14 11:27:49,945 | /home/babitagujar/frappe-bench/apps/frappe/frappe/utils/scheduler.py:
Site: seller_site
Queued events for site seller_site
[DEBUG] 2019-03-14 11:28:50,032 | /home/babitagujar/frappe-bench/apps/frappe/frappe/utils/scheduler.py:
Site: ekart_site
Queued events for site ekart_site
[DEBUG] 2019-03-14 11:28:50,045 | /home/babitagujar/frappe-bench/apps/frappe/frappe/utils/scheduler.py:
Site: erpnext_site
Queued events for site erpnext_site
[DEBUG] 2019-03-14 11:28:50,059 | /home/babitagujar/frappe-bench/apps/frappe/frappe/utils/scheduler.py:
Site: library
Queued events for site library
[DEBUG] 2019-03-14 11:28:50,077 | /home/babitagujar/frappe-bench/apps/frappe/frappe/utils/scheduler.py:
Site: seller_site
Queued events for site seller_site
[DEBUG] 2019-03-14 11:29:50,159 | /home/babitagujar/frappe-bench/apps/frappe/frappe/utils/scheduler.py:
Site: ekart_site
Queued events for site ekart_site
[DEBUG] 2019-03-14 11:29:50,171 | /home/babitagujar/frappe-bench/apps/frappe/frappe/utils/scheduler.py:
Site: erpnext_site
Queued events for site erpnext_site
[DEBUG] 2019-03-14 11:29:50,184 | /home/babitagujar/frappe-bench/apps/frappe/frappe/utils/scheduler.py:
Site: library
Queued events for site library
[DEBUG] 2019-03-14 11:29:50,196 | /home/babitagujar/frappe-bench/apps/frappe/frappe/utils/scheduler.py:
Site: seller_site
Queued events for site seller_site
[DEBUG] 2019-03-14 11:30:50,318 | /home/babitagujar/frappe-bench/apps/frappe/frappe/utils/scheduler.py:
Site: ekart_site
Queued events for site ekart_site
[DEBUG] 2019-03-14 11:30:50,391 | /home/babitagujar/frappe-bench/apps/frappe/frappe/utils/scheduler.py:
Site: erpnext_site
Queued events for site erpnext_site
[DEBUG] 2019-03-14 11:30:50,497 | /home/babitagujar/frappe-bench/apps/frappe/frappe/utils/scheduler.py:
Site: library
Queued events for site library
[DEBUG] 2019-03-14 11:30:50,648 | /home/babitagujar/frappe-bench/apps/frappe/frappe/utils/scheduler.py:
Site: seller_site
Queued events for site seller_site
[DEBUG] 2019-03-14 11:31:50,736 | /home/babitagujar/frappe-bench/apps/frappe/frappe/utils/scheduler.py:
Site: ekart_site
Queued events for site ekart_site
[DEBUG] 2019-03-14 11:31:50,747 | /home/babitagujar/frappe-bench/apps/frappe/frappe/utils/scheduler.py:
Site: erpnext_site
Queued events for site erpnext_site
[DEBUG] 2019-03-14 11:31:50,760 | /home/babitagujar/frappe-bench/apps/frappe/frappe/utils/scheduler.py:
Site: library
Queued events for site library
[DEBUG] 2019-03-14 11:31:50,772 | /home/babitagujar/frappe-bench/apps/frappe/frappe/utils/scheduler.py:
Site: seller_site
Queued events for site seller_site
[DEBUG] 2019-03-14 11:32:50,862 | /home/babitagujar/frappe-bench/apps/frappe/frappe/utils/scheduler.py:
Site: ekart_site
Queued events for site ekart_site
[DEBUG] 2019-03-14 11:32:50,875 | /home/babitagujar/frappe-bench/apps/frappe/frappe/utils/scheduler.py:
Site: erpnext_site
Queued events for site erpnext_site
[DEBUG] 2019-03-14 11:32:50,887 | /home/babitagujar/frappe-bench/apps/frappe/frappe/utils/scheduler.py:
Site: library
Queued events for site library
[DEBUG] 2019-03-14 11:32:50,899 | /home/babitagujar/frappe-bench/apps/frappe/frappe/utils/scheduler.py:
Site: seller_site
Queued events for site seller_site
[DEBUG] 2019-03-14 11:33:50,990 | /home/babitagujar/frappe-bench/apps/frappe/frappe/utils/scheduler.py:
Site: ekart_site
Queued events for site ekart_site
[DEBUG] 2019-03-14 11:33:51,003 | /home/babitagujar/frappe-bench/apps/frappe/frappe/utils/scheduler.py:
Site: erpnext_site
Queued events for site erpnext_site
[DEBUG] 2019-03-14 11:33:51,016 | /home/babitagujar/frappe-bench/apps/frappe/frappe/utils/scheduler.py:
Site: library
Queued events for site library
[DEBUG] 2019-03-14 11:33:51,029 | /home/babitagujar/frappe-bench/apps/frappe/frappe/utils/scheduler.py:
Site: seller_site
Queued events for site seller_site
[DEBUG] 2019-03-14 11:34:51,135 | /home/babitagujar/frappe-bench/apps/frappe/frappe/utils/scheduler.py:
Site: ekart_site
Queued events for site ekart_site
[DEBUG] 2019-03-14 11:34:51,171 | /home/babitagujar/frappe-bench/apps/frappe/frappe/utils/scheduler.py:
Site: erpnext_site
Queued events for site erpnext_site
[DEBUG] 2019-03-14 11:34:51,224 | /home/babitagujar/frappe-bench/apps/frappe/frappe/utils/scheduler.py:
Site: library
Queued events for site library
[DEBUG] 2019-03-14 11:34:51,307 | /home/babitagujar/frappe-bench/apps/frappe/frappe/utils/scheduler.py:
Site: seller_site
Queued events for site seller_site
[DEBUG] 2019-03-14 11:35:51,395 | /home/babitagujar/frappe-bench/apps/frappe/frappe/utils/scheduler.py:
Site: ekart_site
Queued events for site ekart_site
[DEBUG] 2019-03-14 11:35:51,407 | /home/babitagujar/frappe-bench/apps/frappe/frappe/utils/scheduler.py:
Site: erpnext_site
Queued events for site erpnext_site
[DEBUG] 2019-03-14 11:35:51,419 | /home/babitagujar/frappe-bench/apps/frappe/frappe/utils/scheduler.py:
Site: library
Queued events for site library
[DEBUG] 2019-03-14 11:35:51,431 | /home/babitagujar/frappe-bench/apps/frappe/frappe/utils/scheduler.py:
Site: seller_site
Queued events for site seller_site
[DEBUG] 2019-03-14 11:36:51,517 | /home/babitagujar/frappe-bench/apps/frappe/frappe/utils/scheduler.py:
Site: ekart_site
Queued events for site ekart_site
[DEBUG] 2019-03-14 11:36:51,529 | /home/babitagujar/frappe-bench/apps/frappe/frappe/utils/scheduler.py:
Site: erpnext_site
Queued events for site erpnext_site
[DEBUG] 2019-03-14 11:36:51,547 | /home/babitagujar/frappe-bench/apps/frappe/frappe/utils/scheduler.py:
Site: library
Queued events for site library
[DEBUG] 2019-03-14 11:36:51,559 | /home/babitagujar/frappe-bench/apps/frappe/frappe/utils/scheduler.py:
Site: seller_site
Queued events for site seller_site
[DEBUG] 2019-03-14 11:37:51,647 | /home/babitagujar/frappe-bench/apps/frappe/frappe/utils/scheduler.py:
Site: ekart_site
Queued events for site ekart_site
[DEBUG] 2019-03-14 11:37:51,660 | /home/babitagujar/frappe-bench/apps/frappe/frappe/utils/scheduler.py:
Site: erpnext_site
Queued events for site erpnext_site
[DEBUG] 2019-03-14 11:37:51,674 | /home/babitagujar/frappe-bench/apps/frappe/frappe/utils/scheduler.py:
Site: library
Queued events for site library
[DEBUG] 2019-03-14 11:37:51,688 | /home/babitagujar/frappe-bench/apps/frappe/frappe/utils/scheduler.py:
Site: seller_site
Queued events for site seller_site
[DEBUG] 2019-03-14 11:38:51,796 | /home/babitagujar/frappe-bench/apps/frappe/frappe/utils/scheduler.py:
Site: ekart_site
Queued events for site ekart_site
[DEBUG] 2019-03-14 11:38:51,830 | /home/babitagujar/frappe-bench/apps/frappe/frappe/utils/scheduler.py:
Site: erpnext_site
Queued events for site erpnext_site
[DEBUG] 2019-03-14 11:38:51,883 | /home/babitagujar/frappe-bench/apps/frappe/frappe/utils/scheduler.py:
Site: library
Queued events for site library
[DEBUG] 2019-03-14 11:38:51,964 | /home/babitagujar/frappe-bench/apps/frappe/frappe/utils/scheduler.py:
Site: seller_site
Queued events for site seller_site
[DEBUG] 2019-03-14 11:39:52,053 | /home/babitagujar/frappe-bench/apps/frappe/frappe/utils/scheduler.py:
Site: ekart_site
Queued events for site ekart_site
[DEBUG] 2019-03-14 11:39:52,066 | /home/babitagujar/frappe-bench/apps/frappe/frappe/utils/scheduler.py:
Site: erpnext_site
Queued events for site erpnext_site
[DEBUG] 2019-03-14 11:39:52,078 | /home/babitagujar/frappe-bench/apps/frappe/frappe/utils/scheduler.py:
Site: library
Queued events for site library
[DEBUG] 2019-03-14 11:39:52,090 | /home/babitagujar/frappe-bench/apps/frappe/frappe/utils/scheduler.py:
Site: seller_site
Queued events for site seller_site
[DEBUG] 2019-03-14 11:40:52,181 | /home/babitagujar/frappe-bench/apps/frappe/frappe/utils/scheduler.py:
Site: ekart_site
Queued events for site ekart_site
[DEBUG] 2019-03-14 11:40:52,194 | /home/babitagujar/frappe-bench/apps/frappe/frappe/utils/scheduler.py:
Site: erpnext_site
Queued events for site erpnext_site
[DEBUG] 2019-03-14 11:40:52,208 | /home/babitagujar/frappe-bench/apps/frappe/frappe/utils/scheduler.py:
Site: library
Queued events for site library
[DEBUG] 2019-03-14 11:40:52,220 | /home/babitagujar/frappe-bench/apps/frappe/frappe/utils/scheduler.py:
Site: seller_site
Queued events for site seller_site
[DEBUG] 2019-03-14 11:41:52,315 | /home/babitagujar/frappe-bench/apps/frappe/frappe/utils/scheduler.py:
Site: ekart_site
Queued events for site ekart_site
[DEBUG] 2019-03-14 11:41:52,331 | /home/babitagujar/frappe-bench/apps/frappe/frappe/utils/scheduler.py:
Site: erpnext_site
Queued events for site erpnext_site
[DEBUG] 2019-03-14 11:41:52,349 | /home/babitagujar/frappe-bench/apps/frappe/frappe/utils/scheduler.py:
Site: library
Queued events for site library
[DEBUG] 2019-03-14 11:41:52,365 | /home/babitagujar/frappe-bench/apps/frappe/frappe/utils/scheduler.py:
Site: seller_site
Queued events for site seller_site
[DEBUG] 2019-03-14 11:42:52,467 | /home/babitagujar/frappe-bench/apps/frappe/frappe/utils/scheduler.py:
Site: ekart_site
Queued events for site ekart_site
[DEBUG] 2019-03-14 11:42:52,501 | /home/babitagujar/frappe-bench/apps/frappe/frappe/utils/scheduler.py:
Site: erpnext_site
Queued events for site erpnext_site
[DEBUG] 2019-03-14 11:42:52,551 | /home/babitagujar/frappe-bench/apps/frappe/frappe/utils/scheduler.py:
Site: library
Queued events for site library
[DEBUG] 2019-03-14 11:42:52,632 | /home/babitagujar/frappe-bench/apps/frappe/frappe/utils/scheduler.py:
Site: seller_site
Queued events for site seller_site
[DEBUG] 2019-03-14 11:43:52,718 | /home/babitagujar/frappe-bench/apps/frappe/frappe/utils/scheduler.py:
Site: ekart_site
Queued events for site ekart_site
[DEBUG] 2019-03-14 11:43:52,730 | /home/babitagujar/frappe-bench/apps/frappe/frappe/utils/scheduler.py:
Site: erpnext_site
Queued events for site erpnext_site
[DEBUG] 2019-03-14 11:43:52,742 | /home/babitagujar/frappe-bench/apps/frappe/frappe/utils/scheduler.py:
Site: library
Queued events for site library
[DEBUG] 2019-03-14 11:43:52,754 | /home/babitagujar/frappe-bench/apps/frappe/frappe/utils/scheduler.py:
Site: seller_site
Queued events for site seller_site
[DEBUG] 2019-03-14 11:44:52,845 | /home/babitagujar/frappe-bench/apps/frappe/frappe/utils/scheduler.py:
Site: ekart_site
Queued events for site ekart_site
[DEBUG] 2019-03-14 11:44:52,858 | /home/babitagujar/frappe-bench/apps/frappe/frappe/utils/scheduler.py:
Site: erpnext_site
Queued events for site erpnext_site
[DEBUG] 2019-03-14 11:44:52,874 | /home/babitagujar/frappe-bench/apps/frappe/frappe/utils/scheduler.py:
Site: library
Queued events for site library
[DEBUG] 2019-03-14 11:44:52,892 | /home/babitagujar/frappe-bench/apps/frappe/frappe/utils/scheduler.py:
Site: seller_site
Queued events for site seller_site
[DEBUG] 2019-03-14 11:45:52,978 | /home/babitagujar/frappe-bench/apps/frappe/frappe/utils/scheduler.py:
Site: ekart_site
Queued events for site ekart_site
[DEBUG] 2019-03-14 11:45:52,991 | /home/babitagujar/frappe-bench/apps/frappe/frappe/utils/scheduler.py:
Site: erpnext_site
Queued events for site erpnext_site
[DEBUG] 2019-03-14 11:45:53,004 | /home/babitagujar/frappe-bench/apps/frappe/frappe/utils/scheduler.py:
Site: library
Queued events for site library
[DEBUG] 2019-03-14 11:45:53,018 | /home/babitagujar/frappe-bench/apps/frappe/frappe/utils/scheduler.py:
Site: seller_site
Queued events for site seller_site
[DEBUG] 2019-03-14 11:46:53,123 | /home/babitagujar/frappe-bench/apps/frappe/frappe/utils/scheduler.py:
Site: ekart_site
Queued events for site ekart_site
[DEBUG] 2019-03-14 11:46:53,157 | /home/babitagujar/frappe-bench/apps/frappe/frappe/utils/scheduler.py:
Site: erpnext_site
Queued events for site erpnext_site
[DEBUG] 2019-03-14 11:46:53,209 | /home/babitagujar/frappe-bench/apps/frappe/frappe/utils/scheduler.py:
Site: library
Queued events for site library
[DEBUG] 2019-03-14 11:46:53,288 | /home/babitagujar/frappe-bench/apps/frappe/frappe/utils/scheduler.py:
Site: seller_site
Queued events for site seller_site
[DEBUG] 2019-03-14 11:47:53,376 | /home/babitagujar/frappe-bench/apps/frappe/frappe/utils/scheduler.py:
Site: ekart_site
Queued events for site ekart_site
[DEBUG] 2019-03-14 11:47:53,390 | /home/babitagujar/frappe-bench/apps/frappe/frappe/utils/scheduler.py:
Site: erpnext_site
Queued events for site erpnext_site
[DEBUG] 2019-03-14 11:47:53,403 | /home/babitagujar/frappe-bench/apps/frappe/frappe/utils/scheduler.py:
Site: library
Queued events for site library
[DEBUG] 2019-03-14 11:47:53,415 | /home/babitagujar/frappe-bench/apps/frappe/frappe/utils/scheduler.py:
Site: seller_site
Queued events for site seller_site
[DEBUG] 2019-03-14 11:48:53,502 | /home/babitagujar/frappe-bench/apps/frappe/frappe/utils/scheduler.py:
Site: ekart_site
Queued events for site ekart_site
[DEBUG] 2019-03-14 11:48:53,516 | /home/babitagujar/frappe-bench/apps/frappe/frappe/utils/scheduler.py:
Site: erpnext_site
Queued events for site erpnext_site
[DEBUG] 2019-03-14 11:48:53,530 | /home/babitagujar/frappe-bench/apps/frappe/frappe/utils/scheduler.py:
Site: library
Queued events for site library
[DEBUG] 2019-03-14 11:48:53,543 | /home/babitagujar/frappe-bench/apps/frappe/frappe/utils/scheduler.py:
Site: seller_site
Queued events for site seller_site
[DEBUG] 2019-03-14 11:49:53,634 | /home/babitagujar/frappe-bench/apps/frappe/frappe/utils/scheduler.py:
Site: ekart_site
Queued events for site ekart_site
[DEBUG] 2019-03-14 11:49:53,649 | /home/babitagujar/frappe-bench/apps/frappe/frappe/utils/scheduler.py:
Site: erpnext_site
Queued events for site erpnext_site
[DEBUG] 2019-03-14 11:49:53,662 | /home/babitagujar/frappe-bench/apps/frappe/frappe/utils/scheduler.py:
Site: library
Queued events for site library
[DEBUG] 2019-03-14 11:49:53,675 | /home/babitagujar/frappe-bench/apps/frappe/frappe/utils/scheduler.py:
Site: seller_site
Queued events for site seller_site
[DEBUG] 2019-03-14 11:50:53,777 | /home/babitagujar/frappe-bench/apps/frappe/frappe/utils/scheduler.py:
Site: ekart_site
Queued events for site ekart_site
[DEBUG] 2019-03-14 11:50:53,803 | /home/babitagujar/frappe-bench/apps/frappe/frappe/utils/scheduler.py:
Site: erpnext_site
Queued events for site erpnext_site
[DEBUG] 2019-03-14 11:50:53,842 | /home/babitagujar/frappe-bench/apps/frappe/frappe/utils/scheduler.py:
Site: library
Queued events for site library
[DEBUG] 2019-03-14 11:50:53,901 | /home/babitagujar/frappe-bench/apps/frappe/frappe/utils/scheduler.py:
Site: seller_site
Queued events for site seller_site
[DEBUG] 2019-03-14 11:51:53,989 | /home/babitagujar/frappe-bench/apps/frappe/frappe/utils/scheduler.py:
Site: ekart_site
Queued events for site ekart_site
[DEBUG] 2019-03-14 11:51:54,002 | /home/babitagujar/frappe-bench/apps/frappe/frappe/utils/scheduler.py:
Site: erpnext_site
Queued events for site erpnext_site
[DEBUG] 2019-03-14 11:51:54,015 | /home/babitagujar/frappe-bench/apps/frappe/frappe/utils/scheduler.py:
Site: library
Queued events for site library
[DEBUG] 2019-03-14 11:51:54,028 | /home/babitagujar/frappe-bench/apps/frappe/frappe/utils/scheduler.py:
Site: seller_site
Queued events for site seller_site
[DEBUG] 2019-03-14 11:52:54,104 | /home/babitagujar/frappe-bench/apps/frappe/frappe/utils/scheduler.py:
Site: ekart_site
Queued events for site ekart_site
[DEBUG] 2019-03-14 11:52:54,117 | /home/babitagujar/frappe-bench/apps/frappe/frappe/utils/scheduler.py:
Site: erpnext_site
Queued events for site erpnext_site
[DEBUG] 2019-03-14 11:52:54,129 | /home/babitagujar/frappe-bench/apps/frappe/frappe/utils/scheduler.py:
Site: library
Queued events for site library
[DEBUG] 2019-03-14 11:52:54,142 | /home/babitagujar/frappe-bench/apps/frappe/frappe/utils/scheduler.py:
Site: seller_site
Queued events for site seller_site
[DEBUG] 2019-03-14 11:53:54,228 | /home/babitagujar/frappe-bench/apps/frappe/frappe/utils/scheduler.py:
Site: ekart_site
Queued events for site ekart_site
[DEBUG] 2019-03-14 11:53:54,242 | /home/babitagujar/frappe-bench/apps/frappe/frappe/utils/scheduler.py:
Site: erpnext_site
Queued events for site erpnext_site
[DEBUG] 2019-03-14 11:53:54,255 | /home/babitagujar/frappe-bench/apps/frappe/frappe/utils/scheduler.py:
Site: library
Queued events for site library
[DEBUG] 2019-03-14 11:53:54,267 | /home/babitagujar/frappe-bench/apps/frappe/frappe/utils/scheduler.py:
Site: seller_site
Queued events for site seller_site
[DEBUG] 2019-03-14 11:54:54,375 | /home/babitagujar/frappe-bench/apps/frappe/frappe/utils/scheduler.py:
Site: ekart_site
Queued events for site ekart_site
[DEBUG] 2019-03-14 11:54:54,401 | /home/babitagujar/frappe-bench/apps/frappe/frappe/utils/scheduler.py:
Site: erpnext_site
Queued events for site erpnext_site
[DEBUG] 2019-03-14 11:54:54,435 | /home/babitagujar/frappe-bench/apps/frappe/frappe/utils/scheduler.py:
Site: library
Queued events for site library
[DEBUG] 2019-03-14 11:54:54,503 | /home/babitagujar/frappe-bench/apps/frappe/frappe/utils/scheduler.py:
Site: seller_site
Queued events for site seller_site
[DEBUG] 2019-03-14 11:55:54,594 | /home/babitagujar/frappe-bench/apps/frappe/frappe/utils/scheduler.py:
Site: ekart_site
Queued events for site ekart_site
[DEBUG] 2019-03-14 11:55:54,609 | /home/babitagujar/frappe-bench/apps/frappe/frappe/utils/scheduler.py:
Site: erpnext_site
Queued events for site erpnext_site
[DEBUG] 2019-03-14 11:55:54,626 | /home/babitagujar/frappe-bench/apps/frappe/frappe/utils/scheduler.py:
Site: library
Queued events for site library
[DEBUG] 2019-03-14 11:55:54,642 | /home/babitagujar/frappe-bench/apps/frappe/frappe/utils/scheduler.py:
Site: seller_site
Queued events for site seller_site
[DEBUG] 2019-03-14 11:56:54,727 | /home/babitagujar/frappe-bench/apps/frappe/frappe/utils/scheduler.py:
Site: ekart_site
Queued events for site ekart_site
[DEBUG] 2019-03-14 11:56:54,742 | /home/babitagujar/frappe-bench/apps/frappe/frappe/utils/scheduler.py:
Site: erpnext_site
Queued events for site erpnext_site
[DEBUG] 2019-03-14 11:56:54,755 | /home/babitagujar/frappe-bench/apps/frappe/frappe/utils/scheduler.py:
Site: library
Queued events for site library
[DEBUG] 2019-03-14 11:56:54,770 | /home/babitagujar/frappe-bench/apps/frappe/frappe/utils/scheduler.py:
Site: seller_site
Queued events for site seller_site
[DEBUG] 2019-03-14 11:57:54,857 | /home/babitagujar/frappe-bench/apps/frappe/frappe/utils/scheduler.py:
Site: ekart_site
Queued events for site ekart_site
[DEBUG] 2019-03-14 11:57:54,869 | /home/babitagujar/frappe-bench/apps/frappe/frappe/utils/scheduler.py:
Site: erpnext_site
Queued events for site erpnext_site
[DEBUG] 2019-03-14 11:57:54,882 | /home/babitagujar/frappe-bench/apps/frappe/frappe/utils/scheduler.py:
Site: library
Queued events for site library
[DEBUG] 2019-03-14 11:57:54,895 | /home/babitagujar/frappe-bench/apps/frappe/frappe/utils/scheduler.py:
Site: seller_site
Queued events for site seller_site
[DEBUG] 2019-03-14 11:58:55,004 | /home/babitagujar/frappe-bench/apps/frappe/frappe/utils/scheduler.py:
Site: ekart_site
Queued events for site ekart_site
[DEBUG] 2019-03-14 11:58:55,040 | /home/babitagujar/frappe-bench/apps/frappe/frappe/utils/scheduler.py:
Site: erpnext_site
Queued events for site erpnext_site
[DEBUG] 2019-03-14 11:58:55,095 | /home/babitagujar/frappe-bench/apps/frappe/frappe/utils/scheduler.py:
Site: library
Queued events for site library
[DEBUG] 2019-03-14 11:58:55,177 | /home/babitagujar/frappe-bench/apps/frappe/frappe/utils/scheduler.py:
Site: seller_site
Queued events for site seller_site
[DEBUG] 2019-03-14 11:59:55,263 | /home/babitagujar/frappe-bench/apps/frappe/frappe/utils/scheduler.py:
Site: ekart_site
Queued events for site ekart_site
[DEBUG] 2019-03-14 11:59:55,277 | /home/babitagujar/frappe-bench/apps/frappe/frappe/utils/scheduler.py:
Site: erpnext_site
Queued events for site erpnext_site
[DEBUG] 2019-03-14 11:59:55,293 | /home/babitagujar/frappe-bench/apps/frappe/frappe/utils/scheduler.py:
Site: library
Queued events for site library
[DEBUG] 2019-03-14 11:59:55,306 | /home/babitagujar/frappe-bench/apps/frappe/frappe/utils/scheduler.py:
Site: seller_site
Queued events for site seller_site
[DEBUG] 2019-03-14 12:00:55,395 | /home/babitagujar/frappe-bench/apps/frappe/frappe/utils/scheduler.py:
Site: ekart_site
Queued events for site ekart_site
[DEBUG] 2019-03-14 12:00:55,416 | /home/babitagujar/frappe-bench/apps/frappe/frappe/utils/scheduler.py:
Site: erpnext_site
Queued events for site erpnext_site
[DEBUG] 2019-03-14 12:00:55,435 | /home/babitagujar/frappe-bench/apps/frappe/frappe/utils/scheduler.py:
Site: library
Queued events for site library
[DEBUG] 2019-03-14 12:00:55,450 | /home/babitagujar/frappe-bench/apps/frappe/frappe/utils/scheduler.py:
Site: seller_site
Queued events for site seller_site
[DEBUG] 2019-03-14 12:01:55,539 | /home/babitagujar/frappe-bench/apps/frappe/frappe/utils/scheduler.py:
Site: ekart_site
Queued events for site ekart_site
[DEBUG] 2019-03-14 12:01:55,551 | /home/babitagujar/frappe-bench/apps/frappe/frappe/utils/scheduler.py:
Site: erpnext_site
Queued events for site erpnext_site
[DEBUG] 2019-03-14 12:01:55,564 | /home/babitagujar/frappe-bench/apps/frappe/frappe/utils/scheduler.py:
Site: library
Queued events for site library
[DEBUG] 2019-03-14 12:01:55,576 | /home/babitagujar/frappe-bench/apps/frappe/frappe/utils/scheduler.py:
Site: seller_site
Queued events for site seller_site
[DEBUG] 2019-03-14 12:02:55,684 | /home/babitagujar/frappe-bench/apps/frappe/frappe/utils/scheduler.py:
Site: ekart_site
Queued events for site ekart_site
[DEBUG] 2019-03-14 12:02:55,711 | /home/babitagujar/frappe-bench/apps/frappe/frappe/utils/scheduler.py:
Site: erpnext_site
Queued events for site erpnext_site
[DEBUG] 2019-03-14 12:02:55,749 | /home/babitagujar/frappe-bench/apps/frappe/frappe/utils/scheduler.py:
Site: library
Queued events for site library
[DEBUG] 2019-03-14 12:02:55,811 | /home/babitagujar/frappe-bench/apps/frappe/frappe/utils/scheduler.py:
Site: seller_site
Queued events for site seller_site
[DEBUG] 2019-03-14 12:03:55,897 | /home/babitagujar/frappe-bench/apps/frappe/frappe/utils/scheduler.py:
Site: ekart_site
Queued events for site ekart_site
[DEBUG] 2019-03-14 12:03:55,911 | /home/babitagujar/frappe-bench/apps/frappe/frappe/utils/scheduler.py:
Site: erpnext_site
Queued events for site erpnext_site
[DEBUG] 2019-03-14 12:03:55,924 | /home/babitagujar/frappe-bench/apps/frappe/frappe/utils/scheduler.py:
Site: library
Queued events for site library
[DEBUG] 2019-03-14 12:03:55,938 | /home/babitagujar/frappe-bench/apps/frappe/frappe/utils/scheduler.py:
Site: seller_site
Queued events for site seller_site
[DEBUG] 2019-03-14 12:04:56,025 | /home/babitagujar/frappe-bench/apps/frappe/frappe/utils/scheduler.py:
Site: ekart_site
Queued events for site ekart_site
[DEBUG] 2019-03-14 12:04:56,040 | /home/babitagujar/frappe-bench/apps/frappe/frappe/utils/scheduler.py:
Site: erpnext_site
Queued events for site erpnext_site
[DEBUG] 2019-03-14 12:04:56,053 | /home/babitagujar/frappe-bench/apps/frappe/frappe/utils/scheduler.py:
Site: library
Queued events for site library
[DEBUG] 2019-03-14 12:04:56,067 | /home/babitagujar/frappe-bench/apps/frappe/frappe/utils/scheduler.py:
Site: seller_site
Queued events for site seller_site
[DEBUG] 2019-03-14 12:05:56,158 | /home/babitagujar/frappe-bench/apps/frappe/frappe/utils/scheduler.py:
Site: ekart_site
Queued events for site ekart_site
[DEBUG] 2019-03-14 12:05:56,171 | /home/babitagujar/frappe-bench/apps/frappe/frappe/utils/scheduler.py:
Site: erpnext_site
Queued events for site erpnext_site
[DEBUG] 2019-03-14 12:05:56,185 | /home/babitagujar/frappe-bench/apps/frappe/frappe/utils/scheduler.py:
Site: library
Queued events for site library
[DEBUG] 2019-03-14 12:05:56,200 | /home/babitagujar/frappe-bench/apps/frappe/frappe/utils/scheduler.py:
Site: seller_site
Queued events for site seller_site
[DEBUG] 2019-03-14 12:06:56,306 | /home/babitagujar/frappe-bench/apps/frappe/frappe/utils/scheduler.py:
Site: ekart_site
Queued events for site ekart_site
[DEBUG] 2019-03-14 12:06:56,340 | /home/babitagujar/frappe-bench/apps/frappe/frappe/utils/scheduler.py:
Site: erpnext_site
Queued events for site erpnext_site
[DEBUG] 2019-03-14 12:06:56,396 | /home/babitagujar/frappe-bench/apps/frappe/frappe/utils/scheduler.py:
Site: library
Queued events for site library
[DEBUG] 2019-03-14 12:06:56,470 | /home/babitagujar/frappe-bench/apps/frappe/frappe/utils/scheduler.py:
Site: seller_site
Queued events for site seller_site
[DEBUG] 2019-03-14 12:07:56,559 | /home/babitagujar/frappe-bench/apps/frappe/frappe/utils/scheduler.py:
Site: ekart_site
Queued events for site ekart_site
[DEBUG] 2019-03-14 12:07:56,575 | /home/babitagujar/frappe-bench/apps/frappe/frappe/utils/scheduler.py:
Site: erpnext_site
Queued events for site erpnext_site
[DEBUG] 2019-03-14 12:07:56,587 | /home/babitagujar/frappe-bench/apps/frappe/frappe/utils/scheduler.py:
Site: library
Queued events for site library
[DEBUG] 2019-03-14 12:07:56,601 | /home/babitagujar/frappe-bench/apps/frappe/frappe/utils/scheduler.py:
Site: seller_site
Queued events for site seller_site
[DEBUG] 2019-03-14 12:08:56,689 | /home/babitagujar/frappe-bench/apps/frappe/frappe/utils/scheduler.py:
Site: ekart_site
Queued events for site ekart_site
[DEBUG] 2019-03-14 12:08:56,703 | /home/babitagujar/frappe-bench/apps/frappe/frappe/utils/scheduler.py:
Site: erpnext_site
Queued events for site erpnext_site
[DEBUG] 2019-03-14 12:08:56,717 | /home/babitagujar/frappe-bench/apps/frappe/frappe/utils/scheduler.py:
Site: library
Queued events for site library
[DEBUG] 2019-03-14 12:08:56,731 | /home/babitagujar/frappe-bench/apps/frappe/frappe/utils/scheduler.py:
Site: seller_site
Queued events for site seller_site
[DEBUG] 2019-03-14 12:09:56,818 | /home/babitagujar/frappe-bench/apps/frappe/frappe/utils/scheduler.py:
Site: ekart_site
Queued events for site ekart_site
[DEBUG] 2019-03-14 12:09:56,834 | /home/babitagujar/frappe-bench/apps/frappe/frappe/utils/scheduler.py:
Site: erpnext_site
Queued events for site erpnext_site
[DEBUG] 2019-03-14 12:09:56,846 | /home/babitagujar/frappe-bench/apps/frappe/frappe/utils/scheduler.py:
Site: library
Queued events for site library
[DEBUG] 2019-03-14 12:09:56,858 | /home/babitagujar/frappe-bench/apps/frappe/frappe/utils/scheduler.py:
Site: seller_site
Queued events for site seller_site
[DEBUG] 2019-03-14 12:10:56,948 | /home/babitagujar/frappe-bench/apps/frappe/frappe/utils/scheduler.py:
Site: ekart_site
Queued events for site ekart_site
[DEBUG] 2019-03-14 12:10:56,981 | /home/babitagujar/frappe-bench/apps/frappe/frappe/utils/scheduler.py:
Site: erpnext_site
Queued events for site erpnext_site
[DEBUG] 2019-03-14 12:10:57,033 | /home/babitagujar/frappe-bench/apps/frappe/frappe/utils/scheduler.py:
Site: library
Queued events for site library
[DEBUG] 2019-03-14 12:10:57,116 | /home/babitagujar/frappe-bench/apps/frappe/frappe/utils/scheduler.py:
Site: seller_site
Queued events for site seller_site
[DEBUG] 2019-03-14 12:11:57,203 | /home/babitagujar/frappe-bench/apps/frappe/frappe/utils/scheduler.py:
Site: ekart_site
Queued events for site ekart_site
[DEBUG] 2019-03-14 12:11:57,216 | /home/babitagujar/frappe-bench/apps/frappe/frappe/utils/scheduler.py:
Site: erpnext_site
Queued events for site erpnext_site
[DEBUG] 2019-03-14 12:11:57,228 | /home/babitagujar/frappe-bench/apps/frappe/frappe/utils/scheduler.py:
Site: library
Queued events for site library
[DEBUG] 2019-03-14 12:11:57,241 | /home/babitagujar/frappe-bench/apps/frappe/frappe/utils/scheduler.py:
Site: seller_site
Queued events for site seller_site
[DEBUG] 2019-03-14 12:12:57,332 | /home/babitagujar/frappe-bench/apps/frappe/frappe/utils/scheduler.py:
Site: ekart_site
Queued events for site ekart_site
[DEBUG] 2019-03-14 12:12:57,354 | /home/babitagujar/frappe-bench/apps/frappe/frappe/utils/scheduler.py:
Site: erpnext_site
Queued events for site erpnext_site
[DEBUG] 2019-03-14 12:12:57,377 | /home/babitagujar/frappe-bench/apps/frappe/frappe/utils/scheduler.py:
Site: library
Queued events for site library
[DEBUG] 2019-03-14 12:12:57,399 | /home/babitagujar/frappe-bench/apps/frappe/frappe/utils/scheduler.py:
Site: seller_site
Queued events for site seller_site
[DEBUG] 2019-03-14 12:13:57,480 | /home/babitagujar/frappe-bench/apps/frappe/frappe/utils/scheduler.py:
Site: ekart_site
Queued events for site ekart_site
[DEBUG] 2019-03-14 12:13:57,493 | /home/babitagujar/frappe-bench/apps/frappe/frappe/utils/scheduler.py:
Site: erpnext_site
Queued events for site erpnext_site
[DEBUG] 2019-03-14 12:13:57,506 | /home/babitagujar/frappe-bench/apps/frappe/frappe/utils/scheduler.py:
Site: library
Queued events for site library
[DEBUG] 2019-03-14 12:13:57,519 | /home/babitagujar/frappe-bench/apps/frappe/frappe/utils/scheduler.py:
Site: seller_site
Queued events for site seller_site
[DEBUG] 2019-03-14 12:14:57,623 | /home/babitagujar/frappe-bench/apps/frappe/frappe/utils/scheduler.py:
Site: ekart_site
Queued events for site ekart_site
[DEBUG] 2019-03-14 12:14:57,658 | /home/babitagujar/frappe-bench/apps/frappe/frappe/utils/scheduler.py:
Site: erpnext_site
Queued events for site erpnext_site
[DEBUG] 2019-03-14 12:14:57,709 | /home/babitagujar/frappe-bench/apps/frappe/frappe/utils/scheduler.py:
Site: library
Queued events for site library
[DEBUG] 2019-03-14 12:14:57,790 | /home/babitagujar/frappe-bench/apps/frappe/frappe/utils/scheduler.py:
Site: seller_site
Queued events for site seller_site
[DEBUG] 2019-03-14 12:15:57,880 | /home/babitagujar/frappe-bench/apps/frappe/frappe/utils/scheduler.py:
Site: ekart_site
Queued events for site ekart_site
[DEBUG] 2019-03-14 12:15:57,897 | /home/babitagujar/frappe-bench/apps/frappe/frappe/utils/scheduler.py:
Site: erpnext_site
Queued events for site erpnext_site
[DEBUG] 2019-03-14 12:15:57,914 | /home/babitagujar/frappe-bench/apps/frappe/frappe/utils/scheduler.py:
Site: library
Queued events for site library
[DEBUG] 2019-03-14 12:15:57,931 | /home/babitagujar/frappe-bench/apps/frappe/frappe/utils/scheduler.py:
Site: seller_site
Queued events for site seller_site
[DEBUG] 2019-03-14 12:16:58,018 | /home/babitagujar/frappe-bench/apps/frappe/frappe/utils/scheduler.py:
Site: ekart_site
Queued events for site ekart_site
[DEBUG] 2019-03-14 12:16:58,029 | /home/babitagujar/frappe-bench/apps/frappe/frappe/utils/scheduler.py:
Site: erpnext_site
Queued events for site erpnext_site
[DEBUG] 2019-03-14 12:16:58,042 | /home/babitagujar/frappe-bench/apps/frappe/frappe/utils/scheduler.py:
Site: library
Queued events for site library
[DEBUG] 2019-03-14 12:16:58,055 | /home/babitagujar/frappe-bench/apps/frappe/frappe/utils/scheduler.py:
Site: seller_site
Queued events for site seller_site
[DEBUG] 2019-03-14 12:17:58,153 | /home/babitagujar/frappe-bench/apps/frappe/frappe/utils/scheduler.py:
Site: ekart_site
Queued events for site ekart_site
[DEBUG] 2019-03-14 12:17:58,166 | /home/babitagujar/frappe-bench/apps/frappe/frappe/utils/scheduler.py:
Site: erpnext_site
Queued events for site erpnext_site
[DEBUG] 2019-03-14 12:17:58,179 | /home/babitagujar/frappe-bench/apps/frappe/frappe/utils/scheduler.py:
Site: library
Queued events for site library
[DEBUG] 2019-03-14 12:17:58,192 | /home/babitagujar/frappe-bench/apps/frappe/frappe/utils/scheduler.py:
Site: seller_site
Queued events for site seller_site
[DEBUG] 2019-03-14 12:18:58,299 | /home/babitagujar/frappe-bench/apps/frappe/frappe/utils/scheduler.py:
Site: ekart_site
Queued events for site ekart_site
[DEBUG] 2019-03-14 12:18:58,333 | /home/babitagujar/frappe-bench/apps/frappe/frappe/utils/scheduler.py:
Site: erpnext_site
Queued events for site erpnext_site
[DEBUG] 2019-03-14 12:18:58,384 | /home/babitagujar/frappe-bench/apps/frappe/frappe/utils/scheduler.py:
Site: library
Queued events for site library
[DEBUG] 2019-03-14 12:18:58,470 | /home/babitagujar/frappe-bench/apps/frappe/frappe/utils/scheduler.py:
Site: seller_site
Queued events for site seller_site
[DEBUG] 2019-03-14 12:19:58,550 | /home/babitagujar/frappe-bench/apps/frappe/frappe/utils/scheduler.py:
Site: ekart_site
Queued events for site ekart_site
[DEBUG] 2019-03-14 12:19:58,561 | /home/babitagujar/frappe-bench/apps/frappe/frappe/utils/scheduler.py:
Site: erpnext_site
Queued events for site erpnext_site
[DEBUG] 2019-03-14 12:19:58,573 | /home/babitagujar/frappe-bench/apps/frappe/frappe/utils/scheduler.py:
Site: library
Queued events for site library
[DEBUG] 2019-03-14 12:19:58,585 | /home/babitagujar/frappe-bench/apps/frappe/frappe/utils/scheduler.py:
Site: seller_site
Queued events for site seller_site
[DEBUG] 2019-03-14 12:20:58,669 | /home/babitagujar/frappe-bench/apps/frappe/frappe/utils/scheduler.py:
Site: ekart_site
Queued events for site ekart_site
[DEBUG] 2019-03-14 12:20:58,682 | /home/babitagujar/frappe-bench/apps/frappe/frappe/utils/scheduler.py:
Site: erpnext_site
Queued events for site erpnext_site
[DEBUG] 2019-03-14 12:20:58,695 | /home/babitagujar/frappe-bench/apps/frappe/frappe/utils/scheduler.py:
Site: library
Queued events for site library
[DEBUG] 2019-03-14 12:20:58,707 | /home/babitagujar/frappe-bench/apps/frappe/frappe/utils/scheduler.py:
Site: seller_site
Queued events for site seller_site
[DEBUG] 2019-03-14 12:21:58,792 | /home/babitagujar/frappe-bench/apps/frappe/frappe/utils/scheduler.py:
Site: ekart_site
Queued events for site ekart_site
[DEBUG] 2019-03-14 12:21:58,805 | /home/babitagujar/frappe-bench/apps/frappe/frappe/utils/scheduler.py:
Site: erpnext_site
Queued events for site erpnext_site
[DEBUG] 2019-03-14 12:21:58,817 | /home/babitagujar/frappe-bench/apps/frappe/frappe/utils/scheduler.py:
Site: library
Queued events for site library
[DEBUG] 2019-03-14 12:21:58,830 | /home/babitagujar/frappe-bench/apps/frappe/frappe/utils/scheduler.py:
Site: seller_site
Queued events for site seller_site
[DEBUG] 2019-03-14 12:22:58,930 | /home/babitagujar/frappe-bench/apps/frappe/frappe/utils/scheduler.py:
Site: ekart_site
Queued events for site ekart_site
[DEBUG] 2019-03-14 12:22:58,955 | /home/babitagujar/frappe-bench/apps/frappe/frappe/utils/scheduler.py:
Site: erpnext_site
Queued events for site erpnext_site
[DEBUG] 2019-03-14 12:22:58,991 | /home/babitagujar/frappe-bench/apps/frappe/frappe/utils/scheduler.py:
Site: library
Queued events for site library
[DEBUG] 2019-03-14 12:22:59,051 | /home/babitagujar/frappe-bench/apps/frappe/frappe/utils/scheduler.py:
Site: seller_site
Queued events for site seller_site
[DEBUG] 2019-03-14 12:23:59,132 | /home/babitagujar/frappe-bench/apps/frappe/frappe/utils/scheduler.py:
Site: ekart_site
Queued events for site ekart_site
[DEBUG] 2019-03-14 12:23:59,144 | /home/babitagujar/frappe-bench/apps/frappe/frappe/utils/scheduler.py:
Site: erpnext_site
Queued events for site erpnext_site
[DEBUG] 2019-03-14 12:23:59,156 | /home/babitagujar/frappe-bench/apps/frappe/frappe/utils/scheduler.py:
Site: library
Queued events for site library
[DEBUG] 2019-03-14 12:23:59,168 | /home/babitagujar/frappe-bench/apps/frappe/frappe/utils/scheduler.py:
Site: seller_site
Queued events for site seller_site
[DEBUG] 2019-03-14 12:24:59,255 | /home/babitagujar/frappe-bench/apps/frappe/frappe/utils/scheduler.py:
Site: ekart_site
Queued events for site ekart_site
[DEBUG] 2019-03-14 12:24:59,268 | /home/babitagujar/frappe-bench/apps/frappe/frappe/utils/scheduler.py:
Site: erpnext_site
Queued events for site erpnext_site
[DEBUG] 2019-03-14 12:24:59,281 | /home/babitagujar/frappe-bench/apps/frappe/frappe/utils/scheduler.py:
Site: library
Queued events for site library
[DEBUG] 2019-03-14 12:24:59,295 | /home/babitagujar/frappe-bench/apps/frappe/frappe/utils/scheduler.py:
Site: seller_site
Queued events for site seller_site
[DEBUG] 2019-03-14 12:25:59,384 | /home/babitagujar/frappe-bench/apps/frappe/frappe/utils/scheduler.py:
Site: ekart_site
Queued events for site ekart_site
[DEBUG] 2019-03-14 12:25:59,396 | /home/babitagujar/frappe-bench/apps/frappe/frappe/utils/scheduler.py:
Site: erpnext_site
Queued events for site erpnext_site
[DEBUG] 2019-03-14 12:25:59,408 | /home/babitagujar/frappe-bench/apps/frappe/frappe/utils/scheduler.py:
Site: library
Queued events for site library
[DEBUG] 2019-03-14 12:25:59,419 | /home/babitagujar/frappe-bench/apps/frappe/frappe/utils/scheduler.py:
Site: seller_site
Queued events for site seller_site
[DEBUG] 2019-03-14 12:26:59,523 | /home/babitagujar/frappe-bench/apps/frappe/frappe/utils/scheduler.py:
Site: ekart_site
Queued events for site ekart_site
[DEBUG] 2019-03-14 12:26:59,548 | /home/babitagujar/frappe-bench/apps/frappe/frappe/utils/scheduler.py:
Site: erpnext_site
Queued events for site erpnext_site
[DEBUG] 2019-03-14 12:26:59,583 | /home/babitagujar/frappe-bench/apps/frappe/frappe/utils/scheduler.py:
Site: library
Queued events for site library
[DEBUG] 2019-03-14 12:26:59,638 | /home/babitagujar/frappe-bench/apps/frappe/frappe/utils/scheduler.py:
Site: seller_site
Queued events for site seller_site
[DEBUG] 2019-03-14 12:27:59,722 | /home/babitagujar/frappe-bench/apps/frappe/frappe/utils/scheduler.py:
Site: ekart_site
Queued events for site ekart_site
[DEBUG] 2019-03-14 12:27:59,734 | /home/babitagujar/frappe-bench/apps/frappe/frappe/utils/scheduler.py:
Site: erpnext_site
Queued events for site erpnext_site
[DEBUG] 2019-03-14 12:27:59,749 | /home/babitagujar/frappe-bench/apps/frappe/frappe/utils/scheduler.py:
Site: library
Queued events for site library
[DEBUG] 2019-03-14 12:27:59,764 | /home/babitagujar/frappe-bench/apps/frappe/frappe/utils/scheduler.py:
Site: seller_site
Queued events for site seller_site
[DEBUG] 2019-03-14 12:28:59,852 | /home/babitagujar/frappe-bench/apps/frappe/frappe/utils/scheduler.py:
Site: ekart_site
Queued events for site ekart_site
[DEBUG] 2019-03-14 12:28:59,865 | /home/babitagujar/frappe-bench/apps/frappe/frappe/utils/scheduler.py:
Site: erpnext_site
Queued events for site erpnext_site
[DEBUG] 2019-03-14 12:28:59,877 | /home/babitagujar/frappe-bench/apps/frappe/frappe/utils/scheduler.py:
Site: library
Queued events for site library
[DEBUG] 2019-03-14 12:28:59,889 | /home/babitagujar/frappe-bench/apps/frappe/frappe/utils/scheduler.py:
Site: seller_site
Queued events for site seller_site
[DEBUG] 2019-03-14 12:29:59,976 | /home/babitagujar/frappe-bench/apps/frappe/frappe/utils/scheduler.py:
Site: ekart_site
Queued events for site ekart_site
[DEBUG] 2019-03-14 12:29:59,989 | /home/babitagujar/frappe-bench/apps/frappe/frappe/utils/scheduler.py:
Site: erpnext_site
Queued events for site erpnext_site
[DEBUG] 2019-03-14 12:30:00,021 | /home/babitagujar/frappe-bench/apps/frappe/frappe/utils/scheduler.py:
Site: library
Queued events for site library
[DEBUG] 2019-03-14 12:30:00,078 | /home/babitagujar/frappe-bench/apps/frappe/frappe/utils/scheduler.py:
Site: seller_site
Queued events for site seller_site
[DEBUG] 2019-03-14 12:31:00,197 | /home/babitagujar/frappe-bench/apps/frappe/frappe/utils/scheduler.py:
Site: ekart_site
Queued events for site ekart_site
[DEBUG] 2019-03-14 12:31:00,271 | /home/babitagujar/frappe-bench/apps/frappe/frappe/utils/scheduler.py:
Site: erpnext_site
Queued events for site erpnext_site
[DEBUG] 2019-03-14 12:31:00,390 | /home/babitagujar/frappe-bench/apps/frappe/frappe/utils/scheduler.py:
Site: library
Queued events for site library
[DEBUG] 2019-03-14 12:31:00,501 | /home/babitagujar/frappe-bench/apps/frappe/frappe/utils/scheduler.py:
Site: seller_site
Queued events for site seller_site
[DEBUG] 2019-03-14 12:32:00,587 | /home/babitagujar/frappe-bench/apps/frappe/frappe/utils/scheduler.py:
Site: ekart_site
Queued events for site ekart_site
[DEBUG] 2019-03-14 12:32:00,600 | /home/babitagujar/frappe-bench/apps/frappe/frappe/utils/scheduler.py:
Site: erpnext_site
Queued events for site erpnext_site
[DEBUG] 2019-03-14 12:32:00,611 | /home/babitagujar/frappe-bench/apps/frappe/frappe/utils/scheduler.py:
Site: library
Queued events for site library
[DEBUG] 2019-03-14 12:32:00,622 | /home/babitagujar/frappe-bench/apps/frappe/frappe/utils/scheduler.py:
Site: seller_site
Queued events for site seller_site
[DEBUG] 2019-03-14 12:33:00,711 | /home/babitagujar/frappe-bench/apps/frappe/frappe/utils/scheduler.py:
Site: ekart_site
Queued events for site ekart_site
[DEBUG] 2019-03-14 12:33:00,723 | /home/babitagujar/frappe-bench/apps/frappe/frappe/utils/scheduler.py:
Site: erpnext_site
Queued events for site erpnext_site
[DEBUG] 2019-03-14 12:33:00,734 | /home/babitagujar/frappe-bench/apps/frappe/frappe/utils/scheduler.py:
Site: library
Queued events for site library
[DEBUG] 2019-03-14 12:33:00,745 | /home/babitagujar/frappe-bench/apps/frappe/frappe/utils/scheduler.py:
Site: seller_site
Queued events for site seller_site
[DEBUG] 2019-03-14 12:34:00,827 | /home/babitagujar/frappe-bench/apps/frappe/frappe/utils/scheduler.py:
Site: ekart_site
Queued events for site ekart_site
[DEBUG] 2019-03-14 12:34:00,860 | /home/babitagujar/frappe-bench/apps/frappe/frappe/utils/scheduler.py:
Site: erpnext_site
Queued events for site erpnext_site
[DEBUG] 2019-03-14 12:34:00,910 | /home/babitagujar/frappe-bench/apps/frappe/frappe/utils/scheduler.py:
Site: library
Queued events for site library
[DEBUG] 2019-03-14 12:34:01,002 | /home/babitagujar/frappe-bench/apps/frappe/frappe/utils/scheduler.py:
Site: seller_site
Queued events for site seller_site
[DEBUG] 2019-03-14 12:35:01,088 | /home/babitagujar/frappe-bench/apps/frappe/frappe/utils/scheduler.py:
Site: ekart_site
Queued events for site ekart_site
[DEBUG] 2019-03-14 12:35:01,101 | /home/babitagujar/frappe-bench/apps/frappe/frappe/utils/scheduler.py:
Site: erpnext_site
Queued events for site erpnext_site
[DEBUG] 2019-03-14 12:35:01,113 | /home/babitagujar/frappe-bench/apps/frappe/frappe/utils/scheduler.py:
Site: library
Queued events for site library
[DEBUG] 2019-03-14 12:35:01,125 | /home/babitagujar/frappe-bench/apps/frappe/frappe/utils/scheduler.py:
Site: seller_site
Queued events for site seller_site
[DEBUG] 2019-03-14 12:36:01,211 | /home/babitagujar/frappe-bench/apps/frappe/frappe/utils/scheduler.py:
Site: ekart_site
Queued events for site ekart_site
[DEBUG] 2019-03-14 12:36:01,223 | /home/babitagujar/frappe-bench/apps/frappe/frappe/utils/scheduler.py:
Site: erpnext_site
Queued events for site erpnext_site
[DEBUG] 2019-03-14 12:36:01,234 | /home/babitagujar/frappe-bench/apps/frappe/frappe/utils/scheduler.py:
Site: library
Queued events for site library
[DEBUG] 2019-03-14 12:36:01,247 | /home/babitagujar/frappe-bench/apps/frappe/frappe/utils/scheduler.py:
Site: seller_site
Queued events for site seller_site
[DEBUG] 2019-03-14 12:37:01,333 | /home/babitagujar/frappe-bench/apps/frappe/frappe/utils/scheduler.py:
Site: ekart_site
Queued events for site ekart_site
[DEBUG] 2019-03-14 12:37:01,346 | /home/babitagujar/frappe-bench/apps/frappe/frappe/utils/scheduler.py:
Site: erpnext_site
Queued events for site erpnext_site
[DEBUG] 2019-03-14 12:37:01,359 | /home/babitagujar/frappe-bench/apps/frappe/frappe/utils/scheduler.py:
Site: library
Queued events for site library
[DEBUG] 2019-03-14 12:37:01,371 | /home/babitagujar/frappe-bench/apps/frappe/frappe/utils/scheduler.py:
Site: seller_site
Queued events for site seller_site
[DEBUG] 2019-03-14 12:38:01,476 | /home/babitagujar/frappe-bench/apps/frappe/frappe/utils/scheduler.py:
Site: ekart_site
Queued events for site ekart_site
[DEBUG] 2019-03-14 12:38:01,500 | /home/babitagujar/frappe-bench/apps/frappe/frappe/utils/scheduler.py:
Site: erpnext_site
Queued events for site erpnext_site
[DEBUG] 2019-03-14 12:38:01,535 | /home/babitagujar/frappe-bench/apps/frappe/frappe/utils/scheduler.py:
Site: library
Queued events for site library
[DEBUG] 2019-03-14 12:38:01,593 | /home/babitagujar/frappe-bench/apps/frappe/frappe/utils/scheduler.py:
Site: seller_site
Queued events for site seller_site
[DEBUG] 2019-03-14 12:39:01,676 | /home/babitagujar/frappe-bench/apps/frappe/frappe/utils/scheduler.py:
Site: ekart_site
Queued events for site ekart_site
[DEBUG] 2019-03-14 12:39:01,688 | /home/babitagujar/frappe-bench/apps/frappe/frappe/utils/scheduler.py:
Site: erpnext_site
Queued events for site erpnext_site
[DEBUG] 2019-03-14 12:39:01,700 | /home/babitagujar/frappe-bench/apps/frappe/frappe/utils/scheduler.py:
Site: library
Queued events for site library
[DEBUG] 2019-03-14 12:39:01,717 | /home/babitagujar/frappe-bench/apps/frappe/frappe/utils/scheduler.py:
Site: seller_site
Queued events for site seller_site
[DEBUG] 2019-03-14 12:40:01,804 | /home/babitagujar/frappe-bench/apps/frappe/frappe/utils/scheduler.py:
Site: ekart_site
Queued events for site ekart_site
[DEBUG] 2019-03-14 12:40:01,817 | /home/babitagujar/frappe-bench/apps/frappe/frappe/utils/scheduler.py:
Site: erpnext_site
Queued events for site erpnext_site
[DEBUG] 2019-03-14 12:40:01,830 | /home/babitagujar/frappe-bench/apps/frappe/frappe/utils/scheduler.py:
Site: library
Queued events for site library
[DEBUG] 2019-03-14 12:40:01,842 | /home/babitagujar/frappe-bench/apps/frappe/frappe/utils/scheduler.py:
Site: seller_site
Queued events for site seller_site
[DEBUG] 2019-03-14 12:41:01,928 | /home/babitagujar/frappe-bench/apps/frappe/frappe/utils/scheduler.py:
Site: ekart_site
Queued events for site ekart_site
[DEBUG] 2019-03-14 12:41:01,941 | /home/babitagujar/frappe-bench/apps/frappe/frappe/utils/scheduler.py:
Site: erpnext_site
Queued events for site erpnext_site
[DEBUG] 2019-03-14 12:41:01,953 | /home/babitagujar/frappe-bench/apps/frappe/frappe/utils/scheduler.py:
Site: library
Queued events for site library
[DEBUG] 2019-03-14 12:41:01,965 | /home/babitagujar/frappe-bench/apps/frappe/frappe/utils/scheduler.py:
Site: seller_site
Queued events for site seller_site
[DEBUG] 2019-03-14 12:42:02,073 | /home/babitagujar/frappe-bench/apps/frappe/frappe/utils/scheduler.py:
Site: ekart_site
Queued events for site ekart_site
[DEBUG] 2019-03-14 12:42:02,107 | /home/babitagujar/frappe-bench/apps/frappe/frappe/utils/scheduler.py:
Site: erpnext_site
Queued events for site erpnext_site
[DEBUG] 2019-03-14 12:42:02,160 | /home/babitagujar/frappe-bench/apps/frappe/frappe/utils/scheduler.py:
Site: library
Queued events for site library
[DEBUG] 2019-03-14 12:42:02,241 | /home/babitagujar/frappe-bench/apps/frappe/frappe/utils/scheduler.py:
Site: seller_site
Queued events for site seller_site
[DEBUG] 2019-03-14 12:43:02,402 | /home/babitagujar/frappe-bench/apps/frappe/frappe/utils/scheduler.py:
Site: ekart_site
Queued events for site ekart_site
[DEBUG] 2019-03-14 12:43:02,415 | /home/babitagujar/frappe-bench/apps/frappe/frappe/utils/scheduler.py:
Site: erpnext_site
Queued events for site erpnext_site
[DEBUG] 2019-03-14 12:43:02,427 | /home/babitagujar/frappe-bench/apps/frappe/frappe/utils/scheduler.py:
Site: library
Queued events for site library
[DEBUG] 2019-03-14 12:43:02,439 | /home/babitagujar/frappe-bench/apps/frappe/frappe/utils/scheduler.py:
Site: seller_site
Queued events for site seller_site
[DEBUG] 2019-03-14 12:44:02,529 | /home/babitagujar/frappe-bench/apps/frappe/frappe/utils/scheduler.py:
Site: ekart_site
Queued events for site ekart_site
[DEBUG] 2019-03-14 12:44:02,546 | /home/babitagujar/frappe-bench/apps/frappe/frappe/utils/scheduler.py:
Site: erpnext_site
Queued events for site erpnext_site
[DEBUG] 2019-03-14 12:44:02,563 | /home/babitagujar/frappe-bench/apps/frappe/frappe/utils/scheduler.py:
Site: library
Queued events for site library
[DEBUG] 2019-03-14 12:44:02,582 | /home/babitagujar/frappe-bench/apps/frappe/frappe/utils/scheduler.py:
Site: seller_site
Queued events for site seller_site
[DEBUG] 2019-03-14 12:45:02,668 | /home/babitagujar/frappe-bench/apps/frappe/frappe/utils/scheduler.py:
Site: ekart_site
Queued events for site ekart_site
[DEBUG] 2019-03-14 12:45:02,681 | /home/babitagujar/frappe-bench/apps/frappe/frappe/utils/scheduler.py:
Site: erpnext_site
Queued events for site erpnext_site
[DEBUG] 2019-03-14 12:45:02,694 | /home/babitagujar/frappe-bench/apps/frappe/frappe/utils/scheduler.py:
Site: library
Queued events for site library
[DEBUG] 2019-03-14 12:45:02,706 | /home/babitagujar/frappe-bench/apps/frappe/frappe/utils/scheduler.py:
Site: seller_site
Queued events for site seller_site
[DEBUG] 2019-03-14 12:46:02,808 | /home/babitagujar/frappe-bench/apps/frappe/frappe/utils/scheduler.py:
Site: ekart_site
Queued events for site ekart_site
[DEBUG] 2019-03-14 12:46:02,840 | /home/babitagujar/frappe-bench/apps/frappe/frappe/utils/scheduler.py:
Site: erpnext_site
Queued events for site erpnext_site
[DEBUG] 2019-03-14 12:46:02,890 | /home/babitagujar/frappe-bench/apps/frappe/frappe/utils/scheduler.py:
Site: library
Queued events for site library
[DEBUG] 2019-03-14 12:46:02,973 | /home/babitagujar/frappe-bench/apps/frappe/frappe/utils/scheduler.py:
Site: seller_site
Queued events for site seller_site
